  Checking Build System
  CMake is re-running because D:/Anime/CMPN205 Phase 2+3 - Student Version(2)/CMPN205 Phase 2+3 - Student Version/build/CMakeFiles/generate.stamp dependency file is missing.
  -- Building for: Visual Studio 16 2019
  -- Selecting Windows SDK version 10.0.19041.0 to target Windows 10.0.19044.
  -- The C compiler identification is MSVC 19.29.30141.0
  -- The CXX compiler identification is MSVC 19.29.30141.0
  -- Detecting C compiler ABI info
  -- Detecting C compiler ABI info - done
  -- Check for working C compiler: C:/Program Files (x86)/Microsoft Visual Studio/2019/Community/VC/Tools/MSVC/14.29.30133/bin/Hostx64/x64/cl.exe - skipped
  -- Detecting C compile features
  -- Detecting C compile features - done
  -- Detecting CXX compiler ABI info
  -- Detecting CXX compiler ABI info - done
  -- Check for working CXX compiler: C:/Program Files (x86)/Microsoft Visual Studio/2019/Community/VC/Tools/MSVC/14.29.30133/bin/Hostx64/x64/cl.exe - skipped
  -- Detecting CXX compile features
  -- Detecting CXX compile features - done
  -- Looking for pthread.h
  -- Looking for pthread.h - not found
  -- Found Threads: TRUE  
  -- Using Win32 for window creation
  -- Configuring done
  -- Generating done
  -- Build files have been written to: D:/Anime/CMPN205 Phase 2+3 - Student Version(2)/CMPN205 Phase 2+3 - Student Version/build
